<?xml version="1.0" encoding="UTF-8"?>
<!-- Generated by org.testng.reporters.JUnitReportReporter -->
<testsuite hostname="akambale-z01" failures="0" tests="1" name="EdurekaProj_SeleniumTest.EdurekaTestWebsite" time="4.754" errors="0" timestamp="2021-05-07T17:30:52 IST" skipped="0">
  <testcase classname="EdurekaProj_SeleniumTest.EdurekaTestWebsite" name="TestMethod" time="4.754"/>
  <system-out/>
</testsuite> <!-- EdurekaProj_SeleniumTest.EdurekaTestWebsite -->
